Arguments: 
  C:\Program Files\nodejs\node.exe C:\Program Files (x86)\Yarn\bin\yarn.js add apolo-server graphql

PATH: 
  C:\Program Files\Git\mingw64\bin;C:\Program Files\Git\usr\bin;C:\Users\Usuario\bin;C:\Program Files\Git\mingw64\bin;C:\Program Files\Git\usr\bin;C:\Users\Usuario\bin;C:\Python27;C:\Python27\Scripts;C:\Program Files\Common Files\Microsoft Shared\Windows Live;C:\Program Files (x86)\Common Files\Microsoft Shared\Windows Live;C:\ProgramData\Oracle\Java\javapath;C:\Program Files (x86)\Intel\iCLS Client;C:\Program Files\Intel\iCLS Client;C:\Windows\system32;C:\Windows;C:\Windows\System32\Wbem;C:\Windows\System32\WindowsPowerShell\v1.0;C:\Program Files (x86)\Intel\UCRT;C:\Program Files\Intel\UCRT;C:\Program Files (x86)\Intel\Intel(R) Management Engine Components\DAL;C:\Program Files\Intel\Intel(R) Management Engine Components\DAL;C:\Program Files (x86)\Intel\Intel(R) Management Engine Components\IPT;C:\Program Files\Intel\Intel(R) Management Engine Components\IPT;C:\Program Files (x86)\Windows Live\Shared;C:\ProgramData\chocolatey\bin;C:\Program Files\Java\jdk1.8.0_221\bin; D;C:\Program Files\Git\Android\Sdk\platform-tools; D;C:\Program Files\Git\Android\Sdk\tools ;C:\Program Files (x86)\Yarn\bin;C:\ProgramData\chocolatey\lib\Elixir\bin;C:\Program Files\PHP\php.exe;C:\Program Files\PHP\php.exe;C:\Program Files\Git\cmd;C:\Program Files\nodejs;D:\tizen-studio\tizen-studio\tools\ide\bin;C:\Users\Usuario\AppData\Local\Programs\Microsoft VS Code\bin; D;C:\Program Files\Git\Android\Sdk\platform-tools; D;C:\Program Files\Git\Android\Sdk\tools;C:\Users\Usuario\AppData\Local\hyper\app-3.0.2\resources\bin; C;C:\Program Files\Git\Program Files\Git\git-bash.exe;C:\flutter\bin;C:\Users\Usuario\AppData\Local\Yarn\bin;C:\Program Files\heroku\bin;C:\Users\Usuario\AppData\Roaming\nvm;C:\Program Files\nodejs;C:\Program Files (x86)\GitHub CLI;C:\Users\Usuario\AppData\Roaming\npm

Yarn version: 
  1.21.1

Node version: 
  12.18.1

Platform: 
  win32 x64

Trace: 
  Error: https://registry.yarnpkg.com/apolo-server: Not found
      at Request.params.callback [as _callback] (C:\Program Files (x86)\Yarn\lib\cli.js:66056:18)
      at Request.self.callback (C:\Program Files (x86)\Yarn\lib\cli.js:140665:22)
      at Request.emit (events.js:315:20)
      at Request.<anonymous> (C:\Program Files (x86)\Yarn\lib\cli.js:141637:10)
      at Request.emit (events.js:315:20)
      at IncomingMessage.<anonymous> (C:\Program Files (x86)\Yarn\lib\cli.js:141559:12)
      at Object.onceWrapper (events.js:421:28)
      at IncomingMessage.emit (events.js:327:22)
      at endReadableNT (_stream_readable.js:1221:12)
      at processTicksAndRejections (internal/process/task_queues.js:84:21)

npm manifest: 
  {
    "name": "graphql-first-impressions",
    "version": "1.0.0",
    "main": "index.js",
    "license": "MIT"
  }

yarn manifest: 
  No manifest

Lockfile: 
  No lockfile
